# JRE version: OpenJDK Runtime Environment Temurin-17.0.11+9 (17.0.11+9) (build 17.0.11+9)
# Java VM: OpenJDK 64-Bit Server VM Temurin-17.0.11+9 (17.0.11+9, mixed mode, tiered, compressed oops, compressed class ptrs, parallel gc, windows-amd64)
GC Precious Log:
 CPUs: 8 total, 8 available
 Memory: 6021M
 Large Page Support: Disabled
 NUMA Support: Disabled
 Compressed Oops: Enabled (32-bit)
 Alignments: Space 512K, Generation 512K, Heap 2M
 Heap Min Capacity: 100M
 Heap Initial Capacity: 100M
 Heap Max Capacity: 1G
 Pre-touch: Disabled
 Parallel Workers: 8
Heap:
 PSYoungGen      total 7168K, used 2576K [0x00000000eab00000, 0x00000000eb580000, 0x0000000100000000)
  eden space 4096K, 0% used [0x00000000eab00000,0x00000000eab00000,0x00000000eaf00000)
  from space 3072K, 83% used [0x00000000eb280000,0x00000000eb504000,0x00000000eb580000)
  to   space 3072K, 0% used [0x00000000eaf80000,0x00000000eaf80000,0x00000000eb280000)
 ParOldGen       total 109568K, used 107703K [0x00000000c0000000, 0x00000000c6b00000, 0x00000000eab00000)
  object space 109568K, 98% used [0x00000000c0000000,0x00000000c692de18,0x00000000c6b00000)
 Metaspace       used 89045K, committed 90304K, reserved 1179648K
  class space    used 8969K, committed 9472K, reserved 1048576K
GC Heap History (20 events):
Event: 2940.142 GC heap after
{Heap after GC invocations=1568 (full 34):
 PSYoungGen      total 3072K, used 288K [0x00000000eab00000, 0x00000000eaf00000, 0x0000000100000000)
  eden space 1536K, 0% used [0x00000000eab00000,0x00000000eab00000,0x00000000eac80000)
  from space 1536K, 18% used [0x00000000eac80000,0x00000000eacc8000,0x00000000eae00000)
  to   space 1024K, 0% used [0x00000000eae00000,0x00000000eae00000,0x00000000eaf00000)
 ParOldGen       total 109568K, used 98453K [0x00000000c0000000, 0x00000000c6b00000, 0x00000000eab00000)
  object space 109568K, 89% used [0x00000000c0000000,0x00000000c60256a0,0x00000000c6b00000)
 Metaspace       used 88636K, committed 89856K, reserved 1179648K
  class space    used 8912K, committed 9472K, reserved 1048576K
}
Event: 2940.149 GC heap before
{Heap before GC invocations=1569 (full 34):
 PSYoungGen      total 3072K, used 1824K [0x00000000eab00000, 0x00000000eaf00000, 0x0000000100000000)
  eden space 1536K, 100% used [0x00000000eab00000,0x00000000eac80000,0x00000000eac80000)
  from space 1536K, 18% used [0x00000000eac80000,0x00000000eacc8000,0x00000000eae00000)
  to   space 1024K, 0% used [0x00000000eae00000,0x00000000eae00000,0x00000000eaf00000)
 ParOldGen       total 109568K, used 98453K [0x00000000c0000000, 0x00000000c6b00000, 0x00000000eab00000)
  object space 109568K, 89% used [0x00000000c0000000,0x00000000c60256a0,0x00000000c6b00000)
 Metaspace       used 88636K, committed 89856K, reserved 1179648K
  class space    used 8912K, committed 9472K, reserved 1048576K
}
Event: 2940.149 GC heap after
{Heap after GC invocations=1569 (full 34):
 PSYoungGen      total 2560K, used 224K [0x00000000eab00000, 0x00000000eae80000, 0x0000000100000000)
  eden space 2048K, 0% used [0x00000000eab00000,0x00000000eab00000,0x00000000ead00000)
  from space 512K, 43% used [0x00000000eae00000,0x00000000eae38000,0x00000000eae80000)
  to   space 512K, 0% used [0x00000000ead80000,0x00000000ead80000,0x00000000eae00000)
 ParOldGen       total 109568K, used 98501K [0x00000000c0000000, 0x00000000c6b00000, 0x00000000eab00000)
  object space 109568K, 89% used [0x00000000c0000000,0x00000000c60316a0,0x00000000c6b00000)
 Metaspace       used 88636K, committed 89856K, reserved 1179648K
  class space    used 8912K, committed 9472K, reserved 1048576K
}
Event: 2989.349 GC heap before
{Heap before GC invocations=1570 (full 34):
 PSYoungGen      total 2560K, used 2272K [0x00000000eab00000, 0x00000000eae80000, 0x0000000100000000)
  eden space 2048K, 100% used [0x00000000eab00000,0x00000000ead00000,0x00000000ead00000)
  from space 512K, 43% used [0x00000000eae00000,0x00000000eae38000,0x00000000eae80000)
  to   space 512K, 0% used [0x00000000ead80000,0x00000000ead80000,0x00000000eae00000)
 ParOldGen       total 109568K, used 98501K [0x00000000c0000000, 0x00000000c6b00000, 0x00000000eab00000)
  object space 109568K, 89% used [0x00000000c0000000,0x00000000c60316a0,0x00000000c6b00000)
 Metaspace       used 88636K, committed 89856K, reserved 1179648K
  class space    used 8912K, committed 9472K, reserved 1048576K
}
Event: 2989.350 GC heap after
{Heap after GC invocations=1570 (full 34):
 PSYoungGen      total 3072K, used 224K [0x00000000eab00000, 0x00000000eae80000, 0x0000000100000000)
  eden space 2560K, 0% used [0x00000000eab00000,0x00000000eab00000,0x00000000ead80000)
  from space 512K, 43% used [0x00000000ead80000,0x00000000eadb8000,0x00000000eae00000)
  to   space 512K, 0% used [0x00000000eae00000,0x00000000eae00000,0x00000000eae80000)
 ParOldGen       total 109568K, used 98541K [0x00000000c0000000, 0x00000000c6b00000, 0x00000000eab00000)
  object space 109568K, 89% used [0x00000000c0000000,0x00000000c603b6a0,0x00000000c6b00000)
 Metaspace       used 88636K, committed 89856K, reserved 1179648K
  class space    used 8912K, committed 9472K, reserved 1048576K
}
Event: 31324.963 GC heap before
{Heap before GC invocations=1571 (full 34):
 PSYoungGen      total 3072K, used 2784K [0x00000000eab00000, 0x00000000eae80000, 0x0000000100000000)
  eden space 2560K, 100% used [0x00000000eab00000,0x00000000ead80000,0x00000000ead80000)
  from space 512K, 43% used [0x00000000ead80000,0x00000000eadb8000,0x00000000eae00000)
  to   space 512K, 0% used [0x00000000eae00000,0x00000000eae00000,0x00000000eae80000)
 ParOldGen       total 109568K, used 98541K [0x00000000c0000000, 0x00000000c6b00000, 0x00000000eab00000)
  object space 109568K, 89% used [0x00000000c0000000,0x00000000c603b6a0,0x00000000c6b00000)
 Metaspace       used 88748K, committed 89920K, reserved 1179648K
  class space    used 8929K, committed 9472K, reserved 1048576K
}
Event: 31325.043 GC heap after
{Heap after GC invocations=1571 (full 34):
 PSYoungGen      total 3072K, used 320K [0x00000000eab00000, 0x00000000eae80000, 0x0000000100000000)
  eden space 2560K, 0% used [0x00000000eab00000,0x00000000eab00000,0x00000000ead80000)
  from space 512K, 62% used [0x00000000eae00000,0x00000000eae50000,0x00000000eae80000)
  to   space 512K, 0% used [0x00000000ead80000,0x00000000ead80000,0x00000000eae00000)
 ParOldGen       total 109568K, used 98581K [0x00000000c0000000, 0x00000000c6b00000, 0x00000000eab00000)
  object space 109568K, 89% used [0x00000000c0000000,0x00000000c60456a0,0x00000000c6b00000)
 Metaspace       used 88748K, committed 89920K, reserved 1179648K
  class space    used 8929K, committed 9472K, reserved 1048576K
}
Event: 31325.249 GC heap before
{Heap before GC invocations=1572 (full 34):
 PSYoungGen      total 3072K, used 2879K [0x00000000eab00000, 0x00000000eae80000, 0x0000000100000000)
  eden space 2560K, 99% used [0x00000000eab00000,0x00000000ead7ffe8,0x00000000ead80000)
  from space 512K, 62% used [0x00000000eae00000,0x00000000eae50000,0x00000000eae80000)
  to   space 512K, 0% used [0x00000000ead80000,0x00000000ead80000,0x00000000eae00000)
 ParOldGen       total 109568K, used 98581K [0x00000000c0000000, 0x00000000c6b00000, 0x00000000eab00000)
  object space 109568K, 89% used [0x00000000c0000000,0x00000000c60456a0,0x00000000c6b00000)
 Metaspace       used 88866K, committed 90048K, reserved 1179648K
  class space    used 8949K, committed 9472K, reserved 1048576K
}
Event: 31325.255 GC heap after
{Heap after GC invocations=1572 (full 34):
 PSYoungGen      total 3072K, used 512K [0x00000000eab00000, 0x00000000eaf80000, 0x0000000100000000)
  eden space 2560K, 0% used [0x00000000eab00000,0x00000000eab00000,0x00000000ead80000)
  from space 512K, 100% used [0x00000000ead80000,0x00000000eae00000,0x00000000eae00000)
  to   space 1024K, 0% used [0x00000000eae80000,0x00000000eae80000,0x00000000eaf80000)
 ParOldGen       total 109568K, used 98765K [0x00000000c0000000, 0x00000000c6b00000, 0x00000000eab00000)
  object space 109568K, 90% used [0x00000000c0000000,0x00000000c60736a0,0x00000000c6b00000)
 Metaspace       used 88866K, committed 90048K, reserved 1179648K
  class space    used 8949K, committed 9472K, reserved 1048576K
}
Event: 31325.450 GC heap before
{Heap before GC invocations=1573 (full 34):
 PSYoungGen      total 3072K, used 3072K [0x00000000eab00000, 0x00000000eaf80000, 0x0000000100000000)
  eden space 2560K, 100% used [0x00000000eab00000,0x00000000ead80000,0x00000000ead80000)
  from space 512K, 100% used [0x00000000ead80000,0x00000000eae00000,0x00000000eae00000)
  to   space 1024K, 0% used [0x00000000eae80000,0x00000000eae80000,0x00000000eaf80000)
 ParOldGen       total 109568K, used 98765K [0x00000000c0000000, 0x00000000c6b00000, 0x00000000eab00000)
  object space 109568K, 90% used [0x00000000c0000000,0x00000000c60736a0,0x00000000c6b00000)
 Metaspace       used 89045K, committed 90304K, reserved 1179648K
  class space    used 8969K, committed 9472K, reserved 1048576K
}
Event: 31325.454 GC heap after
{Heap after GC invocations=1573 (full 34):
 PSYoungGen      total 3584K, used 883K [0x00000000eab00000, 0x00000000eaf80000, 0x0000000100000000)
  eden space 2560K, 0% used [0x00000000eab00000,0x00000000eab00000,0x00000000ead80000)
  from space 1024K, 86% used [0x00000000eae80000,0x00000000eaf5cd50,0x00000000eaf80000)
  to   space 1024K, 0% used [0x00000000ead80000,0x00000000ead80000,0x00000000eae80000)
 ParOldGen       total 109568K, used 99186K [0x00000000c0000000, 0x00000000c6b00000, 0x00000000eab00000)
  object space 109568K, 90% used [0x00000000c0000000,0x00000000c60dc988,0x00000000c6b00000)
 Metaspace       used 89045K, committed 90304K, reserved 1179648K
  class space    used 8969K, committed 9472K, reserved 1048576K
}
Event: 31325.464 GC heap before
{Heap before GC invocations=1574 (full 34):
 PSYoungGen      total 3584K, used 3443K [0x00000000eab00000, 0x00000000eaf80000, 0x0000000100000000)
  eden space 2560K, 100% used [0x00000000eab00000,0x00000000ead80000,0x00000000ead80000)
  from space 1024K, 86% used [0x00000000eae80000,0x00000000eaf5cd50,0x00000000eaf80000)
  to   space 1024K, 0% used [0x00000000ead80000,0x00000000ead80000,0x00000000eae80000)
 ParOldGen       total 109568K, used 99186K [0x00000000c0000000, 0x00000000c6b00000, 0x00000000eab00000)
  object space 109568K, 90% used [0x00000000c0000000,0x00000000c60dc988,0x00000000c6b00000)
 Metaspace       used 89045K, committed 90304K, reserved 1179648K
  class space    used 8969K, committed 9472K, reserved 1048576K
}
Event: 31325.477 GC heap after
{Heap after GC invocations=1574 (full 34):
 PSYoungGen      total 3584K, used 1024K [0x00000000eab00000, 0x00000000eb580000, 0x0000000100000000)
  eden space 2560K, 0% used [0x00000000eab00000,0x00000000eab00000,0x00000000ead80000)
  from space 1024K, 100% used [0x00000000ead80000,0x00000000eae80000,0x00000000eae80000)
  to   space 4096K, 0% used [0x00000000eb180000,0x00000000eb180000,0x00000000eb580000)
 ParOldGen       total 109568K, used 101413K [0x00000000c0000000, 0x00000000c6b00000, 0x00000000eab00000)
  object space 109568K, 92% used [0x00000000c0000000,0x00000000c63096d8,0x00000000c6b00000)
 Metaspace       used 89045K, committed 90304K, reserved 1179648K
  class space    used 8969K, committed 9472K, reserved 1048576K
}
Event: 31325.488 GC heap before
{Heap before GC invocations=1575 (full 34):
 PSYoungGen      total 3584K, used 3502K [0x00000000eab00000, 0x00000000eb580000, 0x0000000100000000)
  eden space 2560K, 96% used [0x00000000eab00000,0x00000000ead6bbb0,0x00000000ead80000)
  from space 1024K, 100% used [0x00000000ead80000,0x00000000eae80000,0x00000000eae80000)
  to   space 4096K, 0% used [0x00000000eb180000,0x00000000eb180000,0x00000000eb580000)
 ParOldGen       total 109568K, used 101413K [0x00000000c0000000, 0x00000000c6b00000, 0x00000000eab00000)
  object space 109568K, 92% used [0x00000000c0000000,0x00000000c63096d8,0x00000000c6b00000)
 Metaspace       used 89045K, committed 90304K, reserved 1179648K
  class space    used 8969K, committed 9472K, reserved 1048576K
}
Event: 31325.496 GC heap after
{Heap after GC invocations=1575 (full 34):
 PSYoungGen      total 5632K, used 2428K [0x00000000eab00000, 0x00000000eb400000, 0x0000000100000000)
  eden space 3072K, 0% used [0x00000000eab00000,0x00000000eab00000,0x00000000eae00000)
  from space 2560K, 94% used [0x00000000eb180000,0x00000000eb3df000,0x00000000eb400000)
  to   space 3072K, 0% used [0x00000000eae00000,0x00000000eae00000,0x00000000eb100000)
 ParOldGen       total 109568K, used 102469K [0x00000000c0000000, 0x00000000c6b00000, 0x00000000eab00000)
  object space 109568K, 93% used [0x00000000c0000000,0x00000000c64116d8,0x00000000c6b00000)
 Metaspace       used 89045K, committed 90304K, reserved 1179648K
  class space    used 8969K, committed 9472K, reserved 1048576K
}
Event: 31325.548 GC heap before
{Heap before GC invocations=1576 (full 34):
 PSYoungGen      total 5632K, used 5500K [0x00000000eab00000, 0x00000000eb400000, 0x0000000100000000)
  eden space 3072K, 100% used [0x00000000eab00000,0x00000000eae00000,0x00000000eae00000)
  from space 2560K, 94% used [0x00000000eb180000,0x00000000eb3df000,0x00000000eb400000)
  to   space 3072K, 0% used [0x00000000eae00000,0x00000000eae00000,0x00000000eb100000)
 ParOldGen       total 109568K, used 102469K [0x00000000c0000000, 0x00000000c6b00000, 0x00000000eab00000)
  object space 109568K, 93% used [0x00000000c0000000,0x00000000c64116d8,0x00000000c6b00000)
 Metaspace       used 89045K, committed 90304K, reserved 1179648K
  class space    used 8969K, committed 9472K, reserved 1048576K
}
Event: 31325.561 GC heap after
{Heap after GC invocations=1576 (full 34):
 PSYoungGen      total 6144K, used 3027K [0x00000000eab00000, 0x00000000eb600000, 0x0000000100000000)
  eden space 3072K, 0% used [0x00000000eab00000,0x00000000eab00000,0x00000000eae00000)
  from space 3072K, 98% used [0x00000000eae00000,0x00000000eb0f4f80,0x00000000eb100000)
  to   space 3584K, 0% used [0x00000000eb280000,0x00000000eb280000,0x00000000eb600000)
 ParOldGen       total 109568K, used 104565K [0x00000000c0000000, 0x00000000c6b00000, 0x00000000eab00000)
  object space 109568K, 95% used [0x00000000c0000000,0x00000000c661d6d8,0x00000000c6b00000)
 Metaspace       used 89045K, committed 90304K, reserved 1179648K
  class space    used 8969K, committed 9472K, reserved 1048576K
}
Event: 31325.574 GC heap before
{Heap before GC invocations=1577 (full 34):
 PSYoungGen      total 6144K, used 5861K [0x00000000eab00000, 0x00000000eb600000, 0x0000000100000000)
  eden space 3072K, 92% used [0x00000000eab00000,0x00000000eadc47b0,0x00000000eae00000)
  from space 3072K, 98% used [0x00000000eae00000,0x00000000eb0f4f80,0x00000000eb100000)
  to   space 3584K, 0% used [0x00000000eb280000,0x00000000eb280000,0x00000000eb600000)
 ParOldGen       total 109568K, used 104565K [0x00000000c0000000, 0x00000000c6b00000, 0x00000000eab00000)
  object space 109568K, 95% used [0x00000000c0000000,0x00000000c661d6d8,0x00000000c6b00000)
 Metaspace       used 89045K, committed 90304K, reserved 1179648K
  class space    used 8969K, committed 9472K, reserved 1048576K
}
Event: 31325.590 GC heap after
{Heap after GC invocations=1577 (full 34):
 PSYoungGen      total 7168K, used 2576K [0x00000000eab00000, 0x00000000eb580000, 0x0000000100000000)
  eden space 4096K, 0% used [0x00000000eab00000,0x00000000eab00000,0x00000000eaf00000)
  from space 3072K, 83% used [0x00000000eb280000,0x00000000eb504000,0x00000000eb580000)
  to   space 3072K, 0% used [0x00000000eaf80000,0x00000000eaf80000,0x00000000eb280000)
 ParOldGen       total 109568K, used 107703K [0x00000000c0000000, 0x00000000c6b00000, 0x00000000eab00000)
  object space 109568K, 98% used [0x00000000c0000000,0x00000000c692de18,0x00000000c6b00000)
 Metaspace       used 89045K, committed 90304K, reserved 1179648K
  class space    used 8969K, committed 9472K, reserved 1048576K
}
Event: 31325.590 GC heap before
{Heap before GC invocations=1578 (full 35):
 PSYoungGen      total 7168K, used 2576K [0x00000000eab00000, 0x00000000eb580000, 0x0000000100000000)
  eden space 4096K, 0% used [0x00000000eab00000,0x00000000eab00000,0x00000000eaf00000)
  from space 3072K, 83% used [0x00000000eb280000,0x00000000eb504000,0x00000000eb580000)
  to   space 3072K, 0% used [0x00000000eaf80000,0x00000000eaf80000,0x00000000eb280000)
 ParOldGen       total 109568K, used 107703K [0x00000000c0000000, 0x00000000c6b00000, 0x00000000eab00000)
  object space 109568K, 98% used [0x00000000c0000000,0x00000000c692de18,0x00000000c6b00000)
 Metaspace       used 89045K, committed 90304K, reserved 1179648K
  class space    used 8969K, committed 9472K, reserved 1048576K
}

